<?xml version="1.0" encoding="UTF-8"?>
<!-- Generated by org.testng.reporters.JUnitXMLReporter -->
<testsuite ignored="1" hostname="Habiba" failures="0" tests="2" name="Default test" time="28.053" errors="0" timestamp="2023-04-18T20:04:59 EET">
  <testcase classname="TestCases.RegisterTest" name="invalidRegistration" time="6.38"/>
  <testcase classname="TestCases.RegisterTest" name="invalidRegistration" time="5.964"/>
  <testcase classname="TestCases.RegisterTest" name="ValidRegister" time="0.0">
    <ignored/>
  </testcase> <!-- ValidRegister -->
</testsuite> <!-- Default test -->
