<?xml version="1.0" encoding="UTF-8"?>
<!-- Generated by org.testng.reporters.JUnitXMLReporter -->
<testsuite ignored="0" hostname="US-PF3DSW1T" failures="0" tests="4" name="Test" time="85.411" errors="0" timestamp="2022-12-05T15:53:21 EET">
  <testcase classname="Base.TestBase" name="@AfterTest tearDown" time="-1.670248401477E9">
    <failure type="org.testng.TestNGException" message="
Can inject only one of &amp;lt;ITestContext, XmlTest&amp;gt; into a @AfterTest annotated tearDown.
For more information on native dependency injection please refer to https://testng.org/doc/documentation-main.html#native-dependency-injection">
      <![CDATA[org.testng.TestNGException: 
Can inject only one of <ITestContext, XmlTest> into a @AfterTest annotated tearDown.
For more information on native dependency injection please refer to https://testng.org/doc/documentation-main.html#native-dependency-injection
... Removed 21 stack frames]]>
    </failure>
  </testcase> <!-- @AfterTest tearDown -->
  <testcase classname="TestCases.HomePageTest" name="BreadCrumb" time="10.179"/>
  <testcase classname="TestCases.HomePageTest" name="ChangeCurrency" time="11.8"/>
  <testcase classname="TestCases.HomePageTest" name="searchByName" time="9.041"/>
  <testcase classname="TestCases.HomePageTest" name="sortByName" time="13.415"/>
</testsuite> <!-- Test -->
