<?xml version="1.0" encoding="UTF-8"?>
<testng-results ignored="1" total="2" passed="1" failed="0" skipped="0">
  <reporter-output>
  </reporter-output>
  <suite started-at="2023-02-13T22:45:31 EET" name="Default suite" finished-at="2023-02-13T22:46:21 EET" duration-ms="50459">
    <groups>
    </groups>
    <test started-at="2023-02-13T22:45:31 EET" name="Default test" finished-at="2023-02-13T22:46:21 EET" duration-ms="50459">
      <class name="TestCases.LoginPageTest">
        <test-method is-config="true" signature="removeOLDTests()[pri:0, instance:TestCases.LoginPageTest@3971f0fe]" started-at="2023-02-13T22:45:31 EET" name="removeOLDTests" finished-at="2023-02-13T22:45:31 EET" duration-ms="185" status="PASS">
          <reporter-output>
          </reporter-output>
        </test-method> <!-- removeOLDTests -->
        <test-method is-config="true" signature="SetUpDriver()[pri:0, instance:TestCases.LoginPageTest@3971f0fe]" started-at="2023-02-13T22:45:31 EET" name="SetUpDriver" finished-at="2023-02-13T22:45:40 EET" duration-ms="9449" status="PASS">
          <reporter-output>
          </reporter-output>
        </test-method> <!-- SetUpDriver -->
        <test-method signature="validLogin()[pri:0, instance:TestCases.LoginPageTest@3971f0fe]" started-at="2023-02-13T22:45:40 EET" name="validLogin" finished-at="2023-02-13T22:46:21 EET" duration-ms="40626" status="PASS">
          <reporter-output>
          </reporter-output>
        </test-method> <!-- validLogin -->
        <test-method is-config="true" signature="tearDown(org.testng.ITestResult)[pri:0, instance:TestCases.LoginPageTest@3971f0fe]" started-at="2023-02-13T22:46:21 EET" name="tearDown" finished-at="2023-02-13T22:46:21 EET" duration-ms="196" status="PASS">
          <params>
            <param index="0">
              <value>
                <![CDATA[[TestResult name=validLogin status=SUCCESS method=LoginPageTest.validLogin()[pri:0, instance:TestCases.LoginPageTest@3971f0fe] output={null}]]]>
              </value>
            </param>
          </params>
          <reporter-output>
          </reporter-output>
        </test-method> <!-- tearDown -->
        <test-method is-config="true" signature="runReport()[pri:0, instance:TestCases.LoginPageTest@3971f0fe]" started-at="2023-02-13T22:46:21 EET" name="runReport" finished-at="2023-02-13T22:46:21 EET" duration-ms="4" status="PASS">
          <reporter-output>
          </reporter-output>
        </test-method> <!-- runReport -->
      </class> <!-- TestCases.LoginPageTest -->
    </test> <!-- Default test -->
  </suite> <!-- Default suite -->
</testng-results>
